
########################################
# Fit performed on 2016-11-07 12:17:19 #
########################################

###########
# Dataset #
###########

# axis 0: x
# datapoints
1.962000e+00
4.905000e+00
9.810000e+00

# axis 1: y
# datapoints	uncor. err.
7.565727e-04	1.000000e-05
1.891432e-03	1.000000e-05
3.877435e-03	1.000000e-05


################
# Fit function #
################

linear_2par(x; slope, y_intercept) = slope * x + y_intercept

##############
# Fit result #
##############

# value        error    correlations
# slope
3.9840e-04   1.78e-06   
# y_intercept
-3.9566e-05   1.15e-05   -0.864   

########################
# Final fit parameters #
########################

slope = 0.0003984 +- 1.8e-06
y_intercept = -4e-05 +- 1.1e-05

###############
# Fit details #
###############

USING    ROOT::TMinuit
FCN/ndf  8.21/1 = 8.21
EdM      2.13777e-15
UP       1
STA      Error matrix accurate

chi2prob 0.004
HYPTEST  rejected (sig. 5%)

