
########################################
# Fit performed on 2016-11-07 13:55:07 #
########################################

###########
# Dataset #
###########

# axis 0: x
# datapoints
1.962000e+00
4.905000e+00
9.810000e+00

# axis 1: y
# datapoints	uncor. err.
7.565727e-04	5.000000e-04
1.891432e-03	5.000000e-04
3.877435e-03	5.000000e-04


################
# Fit function #
################

linear_2par(x; slope, y_intercept) = slope * x + y_intercept

##############
# Fit result #
##############

# value        error    correlations
# slope
3.9840e-04   8.92e-05   
# y_intercept
-3.9566e-05   5.74e-04   -0.864   

########################
# Final fit parameters #
########################

slope = 0.000398 +- 8.9e-05
y_intercept = -4e-05 +- 0.00057

###############
# Fit details #
###############

USING    ROOT::TMinuit
FCN/ndf  0.00329/1 = 0.00329
EdM      2.50617e-15
UP       1
STA      Error matrix accurate

chi2prob 0.954
HYPTEST  accepted (sig. 5%)

