
########################################
# Fit performed on 2016-11-07 14:00:22 #
########################################

###########
# Dataset #
###########

# axis 0: x
# datapoints
1.962000e+00
4.905000e+00
9.810000e+00

# axis 1: y
# datapoints	uncor. err.
3.310006e-04	5.000000e-04
9.930017e-04	5.000000e-04
2.127861e-03	5.000000e-04


################
# Fit function #
################

linear_2par(x; slope, y_intercept) = slope * x + y_intercept

##############
# Fit result #
##############

# value        error    correlations
# slope
2.2920e-04   8.92e-05   
# y_intercept
-1.2352e-04   5.74e-04   -0.864   

########################
# Final fit parameters #
########################

slope = 0.000229 +- 8.9e-05
y_intercept = -0.00012 +- 0.00057

###############
# Fit details #
###############

USING    ROOT::TMinuit
FCN/ndf  0.000365/1 = 0.000365
EdM      2.09326e-16
UP       1
STA      Error matrix accurate

chi2prob 0.985
HYPTEST  accepted (sig. 5%)

