
########################################
# Fit performed on 2016-11-07 12:17:19 #
########################################

###########
# Dataset #
###########

# axis 0: x
# datapoints
1.962000e+00
4.905000e+00
9.810000e+00

# axis 1: y
# datapoints	uncor. err.
3.310006e-04	1.000000e-05
9.930017e-04	1.000000e-05
2.127861e-03	1.000000e-05


################
# Fit function #
################

linear_2par(x; slope, y_intercept) = slope * x + y_intercept

##############
# Fit result #
##############

# value        error    correlations
# slope
2.2920e-04   1.78e-06   
# y_intercept
-1.2352e-04   1.15e-05   -0.864   

########################
# Final fit parameters #
########################

slope = 0.0002292 +- 1.8e-06
y_intercept = -0.000124 +- 1.1e-05

###############
# Fit details #
###############

USING    ROOT::TMinuit
FCN/ndf  0.913/1 = 0.913
EdM      8.43554e-13
UP       1
STA      Error matrix accurate

chi2prob 0.339
HYPTEST  accepted (sig. 5%)

