
########################################
# Fit performed on 2016-11-08 20:55:05 #
########################################

###########
# Dataset #
###########

# axis 0: x
# datapoints
1.962000e+00
4.905000e+00
9.810000e+00

# axis 1: y
# datapoints	uncor. err.
3.310006e-04	4.755040e-05
9.930017e-04	4.961646e-05
2.127861e-03	5.721012e-05


################
# Fit function #
################

linear_2par(x; slope, y_intercept) = slope * x + y_intercept

##############
# Fit result #
##############

# value        error    correlations
# slope
2.2903e-04   9.47e-06   
# y_intercept
-1.2275e-04   5.64e-05   -0.853   

########################
# Final fit parameters #
########################

slope = 0.000229 +- 9.5e-06
y_intercept = -0.000123 +- 5.6e-05

###############
# Fit details #
###############

USING    iminuit
FCN/ndf  0.0367/1 = 0.0367
EdM      1.25295e-16
UP       1
STA      Error matrix accurate

chi2prob 0.848
HYPTEST  accepted (sig. 5%)

