
########################################
# Fit performed on 2016-11-07 15:11:34 #
########################################

###########
# Dataset #
###########

# axis 0: x
# datapoints
1.962000e+00
4.905000e+00
9.810000e+00

# axis 1: y
# datapoints	uncor. err.
2.837148e-04	4.748034e-05
6.714583e-04	4.836539e-05
1.418574e-03	5.193128e-05


################
# Fit function #
################

linear_2par(x; slope, y_intercept) = slope * x + y_intercept

##############
# Fit result #
##############

# value        error    correlations
# slope
1.4514e-04   8.93e-06   
# y_intercept
-1.5854e-05   5.53e-05   -0.858   

########################
# Final fit parameters #
########################

slope = 0.0001451 +- 8.9e-06
y_intercept = -1.6e-05 +- 5.5e-05

###############
# Fit details #
###############

USING    ROOT::TMinuit
FCN/ndf  0.398/1 = 0.398
EdM      8.5799e-14
UP       1
STA      Error matrix accurate

chi2prob 0.528
HYPTEST  accepted (sig. 5%)

