
########################################
# Fit performed on 2016-11-07 13:31:24 #
########################################

###########
# Dataset #
###########

# axis 0: x
# datapoints
1.962000e+00
4.905000e+00
9.810000e+00

# axis 1: y
# datapoints	uncor. err.
2.837148e-04	5.000000e-04
6.714583e-04	5.000000e-04
1.418574e-03	5.000000e-04


################
# Fit function #
################

linear_2par(x; slope, y_intercept) = slope * x + y_intercept

##############
# Fit result #
##############

# value        error    correlations
# slope
1.4539e-04   8.92e-05   
# y_intercept
-1.6984e-05   5.74e-04   -0.864   

########################
# Final fit parameters #
########################

slope = 0.000145 +- 8.9e-05
y_intercept = -2e-05 +- 0.00057

###############
# Fit details #
###############

USING    ROOT::TMinuit
FCN/ndf  0.00374/1 = 0.00374
EdM      7.03899e-18
UP       1
STA      Error matrix accurate

chi2prob 0.951
HYPTEST  accepted (sig. 5%)

