
########################################
# Fit performed on 2016-11-07 13:59:57 #
########################################

###########
# Dataset #
###########

# axis 0: x
# datapoints
1.962000e+00
4.905000e+00
9.810000e+00

# axis 1: y
# datapoints	uncor. err.
4.728580e-04	5.000000e-04
1.229431e-03	5.000000e-04
2.553433e-03	5.000000e-04


################
# Fit function #
################

linear_2par(x; slope, y_intercept) = slope * x + y_intercept

##############
# Fit result #
##############

# value        error    correlations
# slope
2.6560e-04   8.92e-05   
# y_intercept
-5.7901e-05   5.74e-04   -0.864   

########################
# Final fit parameters #
########################

slope = 0.000266 +- 8.9e-05
y_intercept = -6e-05 +- 0.00057

###############
# Fit details #
###############

USING    ROOT::TMinuit
FCN/ndf  0.00146/1 = 0.00146
EdM      6.90088e-16
UP       1
STA      Error matrix accurate

chi2prob 0.97
HYPTEST  accepted (sig. 5%)

