
########################################
# Fit performed on 2016-11-07 12:16:05 #
########################################

###########
# Dataset #
###########

# axis 0: x
# datapoints
1.962000e+00
4.905000e+00
9.810000e+00

# axis 1: y
# datapoints	uncor. err.
4.728580e-04	1.000000e-05
1.229431e-03	1.000000e-05
2.553433e-03	1.000000e-05


################
# Fit function #
################

linear_2par(x; slope, y_intercept) = slope * x + y_intercept

##############
# Fit result #
##############

# value        error    correlations
# slope
2.6560e-04   1.78e-06   
# y_intercept
-5.7901e-05   1.15e-05   -0.864   

########################
# Final fit parameters #
########################

slope = 0.0002656 +- 1.8e-06
y_intercept = -5.8e-05 +- 1.1e-05

###############
# Fit details #
###############

USING    ROOT::TMinuit
FCN/ndf  3.65/1 = 3.65
EdM      2.46071e-13
UP       1
STA      Error matrix accurate

chi2prob 0.056
HYPTEST  accepted (sig. 5%)

