
########################################
# Fit performed on 2016-11-07 12:08:27 #
########################################

###########
# Dataset #
###########

# axis 0: x
# datapoints
1.962000e+00
4.905000e+00
9.810000e+00

# axis 1: y
# datapoints	uncor. err.
4.634008e-03	1.000000e-05
1.128239e-02	1.000000e-05
2.272555e-02	1.000000e-05


################
# Fit function #
################

linear_2par(x; slope, y_intercept) = slope * x + y_intercept

##############
# Fit result #
##############

# value        error    correlations
# slope
2.3081e-03   1.78e-06   
# y_intercept
5.0085e-05   1.15e-05   -0.864   

########################
# Final fit parameters #
########################

slope = 0.0023081 +- 1.8e-06
y_intercept = 5e-05 +- 1.1e-05

###############
# Fit details #
###############

USING    ROOT::TMinuit
FCN/ndf  121/1 = 121
EdM      3.46962e-12
UP       1
STA      Error matrix accurate

chi2prob 0.0
HYPTEST  rejected (sig. 5%)

