
########################################
# Fit performed on 2016-11-08 10:18:03 #
########################################

###########
# Dataset #
###########

# axis 0: x
# datapoints
1.962000e+00
4.905000e+00
9.810000e+00

# axis 1: y
# datapoints	uncor. err.
4.634008e-03	8.458362e-05
1.128239e-02	1.771755e-04
2.272555e-02	3.471665e-04


################
# Fit function #
################

linear_2par(x; slope, y_intercept) = slope * x + y_intercept

##############
# Fit result #
##############

# value        error    correlations
# slope
2.2914e-03   3.93e-05   
# y_intercept
1.2630e-04   1.34e-04   -0.832   

########################
# Final fit parameters #
########################

slope = 0.002291 +- 3.9e-05
y_intercept = 0.00013 +- 0.00013

###############
# Fit details #
###############

USING    ROOT::TMinuit
FCN/ndf  0.361/1 = 0.361
EdM      2.35865e-15
UP       1
STA      Error matrix accurate

chi2prob 0.548
HYPTEST  accepted (sig. 5%)

