
########################################
# Fit performed on 2016-11-03 19:56:45 #
########################################

###########
# Dataset #
###########

# axis 0: x
# datapoints	uncor. err.
9.805350e-01	9.279607e-05
1.960587e+00	1.000000e-12
4.901468e+00	1.000000e-12
9.802466e+00	3.333333e-04

# axis 1: y
# datapoints	uncor. err.
1.316667e-02	9.279607e-04
4.000000e-02	1.000000e-12
1.000000e-01	1.000000e-12
2.133333e-01	3.333333e-03


################
# Fit function #
################

linear_2par(x; slope, y_intercept) = slope * x + y_intercept

##############
# Fit result #
##############

# value        error    correlations
# slope
2.0402e-02   4.81e-13   
# y_intercept
6.8007e-09   1.79e-12   -0.919   

########################
# Final fit parameters #
########################

slope = 0.020402 +- 4.8e-13
y_intercept = 6.8007e-09 +- 1.8e-12

###############
# Fit details #
###############

USING    iminuit
FCN/ndf  70.3/2 = 35.2
EdM      7.09345e-11
UP       1
STA      Error matrix accurate

chi2prob 0.0
HYPTEST  rejected (sig. 5%)

