
########################################
# Fit performed on 2016-11-03 19:50:21 #
########################################

###########
# Dataset #
###########

# axis 0: x
# datapoints	uncor. err.
9.786456e-01	3.333333e-04
1.957291e+00	3.333333e-04
4.893581e+00	3.333333e-04
9.787751e+00	1.000000e-12

# axis 1: y
# datapoints	uncor. err.
6.666667e-02	3.333333e-03
1.333333e-01	3.333333e-03
3.233333e-01	3.333333e-03
6.300000e-01	1.000000e-12


################
# Fit function #
################

linear_2par(x; slope, y_intercept) = slope * x + y_intercept

##############
# Fit result #
##############

# value        error    correlations
# slope
5.3218e-01   1.82e-12   
# y_intercept
-4.5789e+00   1.78e-11   -0.998   

########################
# Final fit parameters #
########################

slope = 0.532183 +- 1.8e-12
y_intercept = -4.57888 +- 1.8e-11

###############
# Fit details #
###############

USING    iminuit
FCN/ndf  3.21e+06/2 = 1.6e+06
EdM      3.89745e-05
UP       1
STA      Error matrix accurate

chi2prob 0.0
HYPTEST  rejected (sig. 5%)

