
########################################
# Fit performed on 2016-11-07 18:01:00 #
########################################

###########
# Dataset #
###########

# axis 0: x
# datapoints
2.000000e+00
4.000000e+00
6.000000e+00
8.000000e+00
1.000000e+01

# axis 1: y
# datapoints	uncor. err.
8.398000e-01	1.000000e-08
1.679000e+00	1.000000e-08
2.524000e+00	1.000000e-08
3.365000e+00	1.000000e-08
4.206000e+00	1.000000e-08


################
# Fit function #
################

linear_2par(x; slope, y_intercept) = slope * x + y_intercept

##############
# Fit result #
##############

# value        error    correlations
# slope
4.2092e-01   1.58e-09   
# y_intercept
-2.7600e-03   1.05e-08   -0.905   

########################
# Final fit parameters #
########################

slope = 0.42092 +- 1.6e-09
y_intercept = -0.00276 +- 1e-08

###############
# Fit details #
###############

USING    ROOT::TMinuit
FCN/ndf  6.1e+10/3 = 2.03e+10
EdM      9.65682e-05
UP       1
STA      Error matrix accurate

chi2prob 0.0
HYPTEST  rejected (sig. 5%)

