
########################################
# Fit performed on 2016-11-03 19:57:25 #
########################################

###########
# Dataset #
###########

# axis 0: x
# datapoints	uncor. err.
9.786456e-01	3.333333e-04
1.957291e+00	3.333333e-04
4.893581e+00	3.333333e-04
9.787751e+00	1.000001e-04

# axis 1: y
# datapoints	uncor. err.
6.666667e-02	3.333333e-03
1.333333e-01	3.333333e-03
3.233333e-01	3.333333e-03
6.300000e-01	1.000001e-04


################
# Fit function #
################

linear_2par(x; slope, y_intercept) = slope * x + y_intercept

##############
# Fit result #
##############

# value        error    correlations
# slope
6.3563e-02   2.62e-04   
# y_intercept
7.8602e-03   2.56e-03   -0.999   

########################
# Final fit parameters #
########################

slope = 0.06356 +- 0.00026
y_intercept = 0.0079 +- 0.0026

###############
# Fit details #
###############

USING    iminuit
FCN/ndf  2.9/2 = 1.45
EdM      1.52149e-20
UP       1
STA      Error matrix accurate

chi2prob 0.234
HYPTEST  accepted (sig. 5%)

