
########################################
# Fit performed on 2016-11-03 20:04:31 #
########################################

###########
# Dataset #
###########

# axis 0: x
# datapoints	uncor. err.
9.799393e-01	3.333333e-06
1.959646e+00	3.333333e-04
4.899114e+00	3.333333e-04
9.795991e+00	6.666667e-04

# axis 1: y
# datapoints	uncor. err.
3.003333e-02	3.333333e-05
6.666667e-02	3.333333e-03
1.666667e-01	3.333333e-03
3.966667e-01	6.666667e-03


################
# Fit function #
################

linear_2par(x; slope, y_intercept) = slope * x + y_intercept

##############
# Fit result #
##############

# value        error    correlations
# slope
3.8586e-02   5.58e-04   
# y_intercept
-7.7791e-03   5.48e-04   -0.998   

########################
# Final fit parameters #
########################

slope = 0.03859 +- 0.00056
y_intercept = -0.00778 +- 0.00055

###############
# Fit details #
###############

USING    iminuit
FCN/ndf  35/2 = 17.5
EdM      1.92767e-18
UP       1
STA      Error matrix accurate

chi2prob 0.0
HYPTEST  rejected (sig. 5%)

