
########################################
# Fit performed on 2016-11-03 20:04:31 #
########################################

###########
# Dataset #
###########

# axis 0: x
# datapoints	uncor. err.
9.805350e-01	9.279607e-05
1.960586e+00	3.333333e-06
4.901457e+00	3.333333e-05
9.802466e+00	3.333333e-04

# axis 1: y
# datapoints	uncor. err.
1.316667e-02	9.279607e-04
4.003333e-02	3.333333e-05
1.003333e-01	3.333333e-04
2.133333e-01	3.333333e-03


################
# Fit function #
################

linear_2par(x; slope, y_intercept) = slope * x + y_intercept

##############
# Fit result #
##############

# value        error    correlations
# slope
2.0704e-02   1.09e-04   
# y_intercept
-5.7151e-04   2.20e-04   -0.989   

########################
# Final fit parameters #
########################

slope = 0.0207 +- 0.00011
y_intercept = -0.00057 +- 0.00022

###############
# Fit details #
###############

USING    iminuit
FCN/ndf  63.9/2 = 32
EdM      2.58485e-17
UP       1
STA      Error matrix accurate

chi2prob 0.0
HYPTEST  rejected (sig. 5%)

