
########################################
# Fit performed on 2016-11-03 20:07:19 #
########################################

###########
# Dataset #
###########

# axis 0: x
# datapoints	uncor. err.
9.805350e-01	9.279607e-05
1.960587e+00	3.333333e-08
4.901468e+00	3.333333e-07
9.802466e+00	3.333333e-04

# axis 1: y
# datapoints	uncor. err.
1.316667e-02	9.279607e-04
4.000033e-02	3.333333e-07
1.000033e-01	3.333333e-06
2.133333e-01	3.333333e-03


################
# Fit function #
################

linear_2par(x; slope, y_intercept) = slope * x + y_intercept

##############
# Fit result #
##############

# value        error    correlations
# slope
2.0403e-02   1.14e-06   
# y_intercept
-1.6888e-06   2.29e-06   -0.989   

########################
# Final fit parameters #
########################

slope = 0.0204031 +- 1.1e-06
y_intercept = -1.7e-06 +- 2.3e-06

###############
# Fit details #
###############

USING    iminuit
FCN/ndf  70.3/2 = 35.1
EdM      1.21066e-21
UP       1
STA      Error matrix accurate

chi2prob 0.0
HYPTEST  rejected (sig. 5%)

