
########################################
# Fit performed on 2016-11-03 19:42:28 #
########################################

###########
# Dataset #
###########

# axis 0: x
# datapoints	uncor. err.
9.786456e-01	3.333333e-03
1.957291e+00	3.333333e-03
4.893581e+00	3.333333e-03
9.787751e+00	1.000000e-11

# axis 1: y
# datapoints	uncor. err.
6.666667e-02	3.333333e-04
1.333333e-01	3.333333e-04
3.233333e-01	3.333333e-04
6.300000e-01	1.000000e-11


################
# Fit function #
################

linear_2par(x; slope, y_intercept) = slope * x + y_intercept

##############
# Fit result #
##############

# value        error    correlations
# slope
5.3218e-01   1.83e-11   
# y_intercept
-4.5789e+00   1.79e-10   -0.998   

########################
# Final fit parameters #
########################

slope = 0.532183 +- 1.8e-11
y_intercept = -4.57888 +- 1.8e-10

###############
# Fit details #
###############

USING    iminuit
FCN/ndf  1.1e+07/2 = 5.49e+06
EdM      6.92235e-08
UP       1
STA      Error matrix accurate

chi2prob 0.0
HYPTEST  rejected (sig. 5%)

