
########################################
# Fit performed on 2016-11-03 19:36:13 #
########################################

###########
# Dataset #
###########

# axis 0: x
# datapoints	uncor. err.
9.805350e-01	9.279607e-04
1.960587e+00	1.000000e-11
4.901468e+00	1.000000e-11
9.802466e+00	3.333333e-03

# axis 1: y
# datapoints	uncor. err.
1.316667e-02	9.279607e-05
4.000000e-02	1.000000e-11
1.000000e-01	1.000000e-11
2.133333e-01	3.333333e-04


################
# Fit function #
################

linear_2par(x; slope, y_intercept) = slope * x + y_intercept

##############
# Fit result #
##############

# value        error    correlations
# slope
2.0402e-02   4.81e-12   
# y_intercept
6.8007e-09   1.80e-11   -0.919   

########################
# Final fit parameters #
########################

slope = 0.020402 +- 4.8e-12
y_intercept = 6.801e-09 +- 1.8e-11

###############
# Fit details #
###############

USING    iminuit
FCN/ndf  6.75e+03/2 = 3.38e+03
EdM      8.18271e-13
UP       1
STA      Error matrix accurate

chi2prob 0.0
HYPTEST  rejected (sig. 5%)

