
########################################
# Fit performed on 2016-11-07 08:00:03 #
########################################

###########
# Dataset #
###########

# axis 0: x
# datapoints	uncor. err.
9.691103e-01	8.819171e-04
1.936102e+00	3.333333e-03
4.840607e+00	3.333333e-04
9.681332e+00	3.527668e-03

# axis 1: y
# datapoints	uncor. err.
3.366667e-01	8.819171e-03
7.333333e-01	3.333333e-02
1.823333e+00	3.333333e-03
3.643333e+00	3.527668e-02


################
# Fit function #
################

linear_2par(x; slope, y_intercept) = slope * x + y_intercept

##############
# Fit result #
##############

# value        error    correlations
# slope
3.8288e-01   2.26e-03   
# y_intercept
-3.0630e-02   1.04e-02   -0.954   

########################
# Final fit parameters #
########################

slope = 0.3829 +- 0.0023
y_intercept = -0.031 +- 0.01

###############
# Fit details #
###############

USING    ROOT::TMinuit
FCN/ndf  1.54/2 = 0.769
EdM      5.86594e-18
UP       1
STA      Error matrix accurate

chi2prob 0.463
HYPTEST  accepted (sig. 5%)

