
########################################
# Fit performed on 2016-11-03 19:56:45 #
########################################

###########
# Dataset #
###########

# axis 0: x
# datapoints	uncor. err.
9.799405e-01	1.000000e-10
1.959646e+00	3.333333e-04
4.899114e+00	3.333333e-04
9.795991e+00	6.666667e-04

# axis 1: y
# datapoints	uncor. err.
3.000000e-02	1.000000e-10
6.666667e-02	3.333333e-03
1.666667e-01	3.333333e-03
3.966667e-01	6.666667e-03


################
# Fit function #
################

linear_2par(x; slope, y_intercept) = slope * x + y_intercept

##############
# Fit result #
##############

# value        error    correlations
# slope
5.1531e-01   1.82e-09   
# y_intercept
-4.7497e-01   1.78e-09   -0.998   

########################
# Final fit parameters #
########################

slope = 0.515307 +- 1.8e-09
y_intercept = -0.47497 +- 1.8e-09

###############
# Fit details #
###############

USING    iminuit
FCN/ndf  7.29e+05/2 = 3.65e+05
EdM      7.66716e-06
UP       1
STA      Error matrix forced positive definite!

chi2prob 0.0
HYPTEST  rejected (sig. 5%)

