
########################################
# Fit performed on 2016-11-03 20:04:31 #
########################################

###########
# Dataset #
###########

# axis 0: x
# datapoints	uncor. err.
9.786456e-01	3.333333e-04
1.957291e+00	3.333333e-04
4.893581e+00	3.333333e-04
9.787869e+00	3.333300e-06

# axis 1: y
# datapoints	uncor. err.
6.666667e-02	3.333333e-03
1.333333e-01	3.333333e-03
3.233333e-01	3.333333e-03
6.266667e-01	3.333300e-05


################
# Fit function #
################

linear_2par(x; slope, y_intercept) = slope * x + y_intercept

##############
# Fit result #
##############

# value        error    correlations
# slope
6.3121e-02   2.61e-04   
# y_intercept
8.8432e-03   2.56e-03   -1.000   

########################
# Final fit parameters #
########################

slope = 0.06312 +- 0.00026
y_intercept = 0.0088 +- 0.0026

###############
# Fit details #
###############

USING    iminuit
FCN/ndf  4.31/2 = 2.15
EdM      8.53351e-21
UP       1
STA      Error matrix accurate

chi2prob 0.116
HYPTEST  accepted (sig. 5%)

