
########################################
# Fit performed on 2016-11-07 17:53:19 #
########################################

###########
# Dataset #
###########

# axis 0: x
# datapoints
2.000000e+00
4.000000e+00
6.000000e+00
8.000000e+00
1.000000e+01

# axis 1: y
# datapoints	uncor. err.
7.958000e-01	1.000000e-08
1.589000e+00	1.000000e-08
2.384000e+00	1.000000e-08
3.179000e+00	1.000000e-08
3.976000e+00	1.000000e-08


################
# Fit function #
################

linear_2par(x; slope, y_intercept) = slope * x + y_intercept

##############
# Fit result #
##############

# value        error    correlations
# slope
3.9752e-01   1.58e-09   
# y_intercept
-3.6000e-04   1.05e-08   -0.905   

########################
# Final fit parameters #
########################

slope = 0.39752 +- 1.6e-09
y_intercept = -0.00036 +- 1e-08

###############
# Fit details #
###############

USING    ROOT::TMinuit
FCN/ndf  4.34e+10/3 = 1.45e+10
EdM      8.71193e-07
UP       1
STA      Error matrix accurate

chi2prob 0.0
HYPTEST  rejected (sig. 5%)

