
########################################
# Fit performed on 2016-11-07 18:56:26 #
########################################

###########
# Dataset #
###########

# axis 0: x
# datapoints
2.000000e+00
4.000000e+00
6.000000e+00
8.000000e+00
1.000000e+01

# axis 1: y
# datapoints	uncor. err.
5.765000e-01	1.000000e-08
1.163000e+00	1.000000e-08
1.747000e+00	1.000000e-08
2.319000e+00	1.000000e-08
2.897000e+00	1.000000e-08


################
# Fit function #
################

linear_2par(x; slope, y_intercept) = slope * x + y_intercept

##############
# Fit result #
##############

# value        error    correlations
# slope
2.8985e-01   1.58e-09   
# y_intercept
1.4000e-03   1.05e-08   -0.905   

########################
# Final fit parameters #
########################

slope = 0.28985 +- 1.6e-09
y_intercept = 0.0014 +- 1e-08

###############
# Fit details #
###############

USING    ROOT::TMinuit
FCN/ndf  7.81e+11/3 = 2.6e+11
EdM      0.0165447
UP       1
STA      Error matrix accurate

chi2prob 0.0
HYPTEST  rejected (sig. 5%)

