
########################################
# Fit performed on 2016-11-03 20:08:23 #
########################################

###########
# Dataset #
###########

# axis 0: x
# datapoints	uncor. err.
9.786456e-01	3.333333e-04
1.957291e+00	3.333333e-04
4.893581e+00	3.333333e-04
9.787751e+00	3.333333e-08

# axis 1: y
# datapoints	uncor. err.
6.666667e-02	3.333333e-03
1.333333e-01	3.333333e-03
3.233333e-01	3.333333e-03
6.300003e-01	3.333333e-07


################
# Fit function #
################

linear_2par(x; slope, y_intercept) = slope * x + y_intercept

##############
# Fit result #
##############

# value        error    correlations
# slope
6.3564e-02   5.39e-07   
# y_intercept
7.8546e-03   5.27e-06   -0.998   

########################
# Final fit parameters #
########################

slope = 0.0635637 +- 5.4e-07
y_intercept = 0.0078546 +- 5.3e-06

###############
# Fit details #
###############

USING    iminuit
FCN/ndf  2.9/2 = 1.45
EdM      2.41179e-11
UP       1
STA      Error matrix forced positive definite!

chi2prob 0.234
HYPTEST  accepted (sig. 5%)

