
########################################
# Fit performed on 2016-11-03 18:47:30 #
########################################

###########
# Dataset #
###########

# axis 0: x
# datapoints	uncor. err.
9.799405e-01	1.000000e-11
1.959646e+00	3.333333e-03
4.899114e+00	3.333333e-03
9.795991e+00	6.666667e-03

# axis 1: y
# datapoints	uncor. err.
3.000000e-02	1.000000e-11
6.666667e-02	3.333333e-04
1.666667e-01	3.333333e-04
3.966667e-01	6.666667e-04


################
# Fit function #
################

linear_2par(x; slope, y_intercept) = slope * x + y_intercept

##############
# Fit result #
##############

# value        error    correlations
# slope
5.1531e-01   1.82e-10   
# y_intercept
-4.7497e-01   1.78e-10   -0.998   

########################
# Final fit parameters #
########################

slope = 0.515307 +- 1.8e-10
y_intercept = -0.47497 +- 1.8e-10

###############
# Fit details #
###############

USING    iminuit
FCN/ndf  2.65e+06/2 = 1.33e+06
EdM      1.02088e-06
UP       1
STA      Error matrix forced positive definite!

chi2prob 0.0
HYPTEST  rejected (sig. 5%)

