
########################################
# Fit performed on 2016-11-03 20:08:23 #
########################################

###########
# Dataset #
###########

# axis 0: x
# datapoints	uncor. err.
9.799405e-01	3.333333e-08
1.959646e+00	3.333333e-04
4.899114e+00	3.333333e-04
9.795991e+00	6.666667e-04

# axis 1: y
# datapoints	uncor. err.
3.000033e-02	3.333333e-07
6.666667e-02	3.333333e-03
1.666667e-01	3.333333e-03
3.966667e-01	6.666667e-03


################
# Fit function #
################

linear_2par(x; slope, y_intercept) = slope * x + y_intercept

##############
# Fit result #
##############

# value        error    correlations
# slope
3.8591e-02   5.38e-06   
# y_intercept
-7.8167e-03   5.27e-06   -0.998   

########################
# Final fit parameters #
########################

slope = 0.0385911 +- 5.4e-06
y_intercept = -0.0078167 +- 5.3e-06

###############
# Fit details #
###############

USING    iminuit
FCN/ndf  35/2 = 17.5
EdM      1.96295e-10
UP       1
STA      Error matrix forced positive definite!

chi2prob 0.0
HYPTEST  rejected (sig. 5%)

