
########################################
# Fit performed on 2016-11-07 15:57:51 #
########################################

###########
# Dataset #
###########

# axis 0: x
# datapoints
2.000000e+00
4.000000e+00
6.000000e+00
8.000000e+00
1.000000e+01

# axis 1: y
# datapoints	uncor. err.
6.133000e-01	1.000000e-08
1.223000e+00	1.000000e-08
1.833000e+00	1.000000e-08
2.445000e+00	1.000000e-08
3.057000e+00	1.000000e-08


################
# Fit function #
################

linear_2par(x; slope, y_intercept) = slope * x + y_intercept

##############
# Fit result #
##############

# value        error    correlations
# slope
3.0547e-01   1.58e-09   
# y_intercept
1.4400e-03   1.05e-08   -0.905   

########################
# Final fit parameters #
########################

slope = 0.30547 +- 1.6e-09
y_intercept = 0.00144 +- 1e-08

###############
# Fit details #
###############

USING    ROOT::TMinuit
FCN/ndf  3.32e+10/3 = 1.11e+10
EdM      3.18558e-06
UP       1
STA      Error matrix accurate

chi2prob 0.0
HYPTEST  rejected (sig. 5%)

